********************************************************************************
DUPLICATOR-LITE PACKAGE-LOG: 3 February 2021 14h07
NOTICE: Do NOT post to public sites or forums 
********************************************************************************
VERSION:	1.3.40.1
WORDPRESS:	5.6
PHP INFO:	7.3.21 | SAPI: apache2handler
SERVER:		Apache/2.4.46 (Win64) PHP/7.3.21 
PHP TIME LIMIT: (0) no time limit imposed 
PHP MAX MEMORY: 4294967296 (128M default) 
MEMORY STACK: 2MB

********************************************************************************
DATABASE:
********************************************************************************
BUILD MODE:   PHP(query limit - 100)
MYSQLTIMEOUT: 5000
MYSQLDUMP:    Not Supported
TABLES: total:13 | filtered:0 | create:13
FILTERED: []
SQL CREATED: 20210203_59cd7780967368d22965_20210203140711_database.sql
SQL FILE SIZE: 472.86KB (484210)
SQL FILE TIME: 2021-02-03 14:07:16
SQL RUNTIME: 0.38 sec.

********************************************************************************
ARCHIVE (ZIP):
********************************************************************************
ARCHIVE DIR:  C:/Users/59011-95-22/Documents/Wordpress
ARCHIVE FILE: 20210203_59cd7780967368d22965_20210203140711_archive.zip
FILTERS: *OFF*
DIRS:
	not set
FILES:
	not set
EXTS:  not set
----------------------------------------
COMPRESSING
SIZE:	58.49MB
STATS:	Dirs 351 | Files 2,555
SQL ADDED: 20210203_59cd7780967368d22965_20210203140711_database.sql
ZipArchive Object
(
    [status] => 0
    [statusSys] => 0
    [numFiles] => 2906
    [filename] => C:\Users\59011-95-22\Documents\Wordpress\wp-content\backups-dup-lite\tmp\20210203_59cd7780967368d22965_20210203140711_archive.zip
    [comment] => 
)

FILE ADDED TO ZIP: 2905
COMPRESSION RESULT: '1'
COMPRESSED SIZE: 19.28MB
ARCHIVE RUNTIME: 18.92 sec.
MEMORY STACK: 4MB
building installer
add_extra_files1
add_extra_files2
add_extra_files3
add_extra_files4
Doing archive file check
add_extra_files5
add_extra_files6
add_extra_files8
Successfully opened zip C:/Users/59011-95-22/Documents/Wordpress/wp-content/backups-dup-lite/tmp/20210203_59cd7780967368d22965_20210203140711_archive.zip
Adding enhanced installer files to archive using ZipArchive
Installer files added to archive
Added to archive
After ziparchive close when adding installer

********************************************************************************
INTEGRITY CHECKS:
********************************************************************************
SQL FILE: 472.86KB
INSTALLER FILE: 61.28KB
ARCHIVE FILE: 20.77MB 
COMPTE ATTENDU DE FICHIERS/RÉPERTOIRES : 2,906
COMPTE ACTUEL DE FICHIERS/RÉPERTOIRES : 2,905
TEST DE COHÉRENCE D’ARCHIVE : Bon

********************************************************************************
RECORD ID:[1]
TOTAL PROCESS RUNTIME: 19.92 sec.
PEAK PHP MEMORY USED: 6MB
DONE PROCESSING => 20210203 3 February 2021 14h07

